<?xml version="1.0" encoding="UTF-8"?>
<!-- Generated by org.testng.reporters.JUnitReportReporter -->
<testsuite hostname="bluemoutain" name="org.jpwh.test.advanced.MappedSubselect" tests="1" failures="0" timestamp="19 Dec 2015 20:07:04 GMT" time="0.102" errors="0">
  <testcase name="loadSubselectEntity" time="0.102" classname="org.jpwh.test.advanced.MappedSubselect"/>
</testsuite> <!-- org.jpwh.test.advanced.MappedSubselect -->
