<?xml version="1.0" encoding="UTF-8"?>
<!-- Generated by org.testng.reporters.JUnitReportReporter -->
<testsuite hostname="bluemoutain" name="org.jpwh.test.converter.Converters" tests="2" failures="0" timestamp="19 Dec 2015 20:07:04 GMT" time="0.199" errors="0">
  <testcase name="storeAndLoadZipcode" time="0.100" classname="org.jpwh.test.converter.Converters"/>
  <testcase name="storeLoadMonetaryAmount" time="0.099" classname="org.jpwh.test.converter.Converters"/>
</testsuite> <!-- org.jpwh.test.converter.Converters -->
