<?xml version="1.0" encoding="UTF-8"?>
<!-- Generated by org.testng.reporters.JUnitReportReporter -->
<testsuite hostname="bluemoutain" name="org.jpwh.test.concurrency.VersioningTimestamp" tests="1" failures="0" timestamp="19 Dec 2015 20:07:05 GMT" time="0.083" errors="0">
  <testcase name="firstCommitWins" time="0.083" classname="org.jpwh.test.concurrency.VersioningTimestamp"/>
</testsuite> <!-- org.jpwh.test.concurrency.VersioningTimestamp -->
