<?xml version="1.0" encoding="UTF-8"?>
<!-- Generated by org.testng.reporters.JUnitReportReporter -->
<testsuite hostname="bluemoutain" name="org.jpwh.test.inheritance.Mixed" tests="3" failures="0" timestamp="19 Dec 2015 20:07:04 GMT" time="0.450" errors="0">
  <testcase name="storeBillingDetailsLoadCreditCards" time="0.170" classname="org.jpwh.test.inheritance.Mixed"/>
  <testcase name="storeLoadBillingDetails" time="0.136" classname="org.jpwh.test.inheritance.Mixed"/>
  <testcase name="jdbcBillingDetailsSqlQuery" time="0.144" classname="org.jpwh.test.inheritance.Mixed"/>
</testsuite> <!-- org.jpwh.test.inheritance.Mixed -->
