<?xml version="1.0" encoding="UTF-8"?>
<!-- Generated by org.testng.reporters.JUnitReportReporter -->
<testsuite hostname="bluemoutain" name="org.jpwh.test.filtering.Envers" tests="1" failures="0" timestamp="19 Dec 2015 20:07:04 GMT" time="1.780" errors="0">
  <testcase name="auditLogging" time="1.780" classname="org.jpwh.test.filtering.Envers"/>
</testsuite> <!-- org.jpwh.test.filtering.Envers -->
