<?xml version="1.0" encoding="UTF-8"?>
<!-- Generated by org.testng.reporters.JUnitReportReporter -->
<testsuite hostname="bluemoutain" name="org.jpwh.test.associations.OneToManyJoinTable" tests="1" failures="0" timestamp="19 Dec 2015 20:07:04 GMT" time="0.092" errors="0">
  <testcase name="storeAndLoadItemUsers" time="0.092" classname="org.jpwh.test.associations.OneToManyJoinTable"/>
</testsuite> <!-- org.jpwh.test.associations.OneToManyJoinTable -->
