<?xml version="1.0" encoding="UTF-8"?>
<!-- Generated by org.testng.reporters.JUnitReportReporter -->
<testsuite hostname="bluemoutain" name="org.jpwh.test.customsql.CustomSQL" tests="4" failures="0" timestamp="19 Dec 2015 20:07:04 GMT" time="2.369" errors="0">
  <testcase name="readRestrictedCollection" time="0.567" classname="org.jpwh.test.customsql.CustomSQL"/>
  <testcase name="update" time="0.608" classname="org.jpwh.test.customsql.CustomSQL"/>
  <testcase name="read" time="0.591" classname="org.jpwh.test.customsql.CustomSQL"/>
  <testcase name="delete" time="0.603" classname="org.jpwh.test.customsql.CustomSQL"/>
</testsuite> <!-- org.jpwh.test.customsql.CustomSQL -->
