<?xml version="1.0" encoding="UTF-8"?>
<!-- Generated by org.testng.reporters.JUnitReportReporter -->
<testsuite hostname="bluemoutain" name="org.jpwh.test.bulkbatch.BulkStatementsCriteria" tests="3" failures="0" timestamp="19 Dec 2015 20:07:04 GMT" time="0.330" errors="0">
  <testcase name="bulkDelete" time="0.119" classname="org.jpwh.test.bulkbatch.BulkStatementsCriteria"/>
  <testcase name="bulkUpdateVersioned" time="0.094" classname="org.jpwh.test.bulkbatch.BulkStatementsCriteria"/>
  <testcase name="bulkUpdate" time="0.117" classname="org.jpwh.test.bulkbatch.BulkStatementsCriteria"/>
</testsuite> <!-- org.jpwh.test.bulkbatch.BulkStatementsCriteria -->
