<?xml version="1.0" encoding="UTF-8"?>
<!-- Generated by org.testng.reporters.JUnitReportReporter -->
<testsuite hostname="bluemoutain" name="org.jpwh.test.querying.jpql.Restriction" tests="2" failures="0" timestamp="19 Dec 2015 20:07:04 GMT" time="3.514" errors="0">
  <testcase name="executeQueriesWithFunctions" time="1.667" classname="org.jpwh.test.querying.jpql.Restriction"/>
  <testcase name="executeQueries" time="1.847" classname="org.jpwh.test.querying.jpql.Restriction"/>
</testsuite> <!-- org.jpwh.test.querying.jpql.Restriction -->
