<?xml version="1.0" encoding="UTF-8"?>
<!-- Generated by org.testng.reporters.JUnitReportReporter -->
<testsuite hostname="bluemoutain" name="org.jpwh.test.querying.jpql.Projection" tests="2" failures="0" timestamp="19 Dec 2015 20:07:04 GMT" time="5.200" errors="0">
  <testcase name="executeQueriesWithFunctions" time="1.799" classname="org.jpwh.test.querying.jpql.Projection"/>
  <testcase name="executeQueries" time="3.401" classname="org.jpwh.test.querying.jpql.Projection"/>
</testsuite> <!-- org.jpwh.test.querying.jpql.Projection -->
