<?xml version="1.0" encoding="UTF-8"?>
<!-- Generated by org.testng.reporters.JUnitReportReporter -->
<testsuite hostname="bluemoutain" name="org.jpwh.test.associations.OneToManyBidirectional" tests="1" failures="0" timestamp="19 Dec 2015 20:07:05 GMT" time="0.087" errors="0">
  <testcase name="storeAndLoadItemBids" time="0.087" classname="org.jpwh.test.associations.OneToManyBidirectional"/>
</testsuite> <!-- org.jpwh.test.associations.OneToManyBidirectional -->
