<?xml version="1.0" encoding="UTF-8"?>
<!-- Generated by org.testng.reporters.JUnitReportReporter -->
<testsuite hostname="bluemoutain" name="org.jpwh.test.inheritance.MixedFetchSelect" tests="3" failures="0" timestamp="19 Dec 2015 20:07:04 GMT" time="2.255" errors="0">
  <testcase name="storeLoadBillingDetails" time="0.798" classname="org.jpwh.test.inheritance.MixedFetchSelect"/>
  <testcase name="storeBillingDetailsLoadCreditCards" time="0.692" classname="org.jpwh.test.inheritance.MixedFetchSelect"/>
  <testcase name="jdbcBillingDetailsSqlQuery" time="0.765" classname="org.jpwh.test.inheritance.MixedFetchSelect"/>
</testsuite> <!-- org.jpwh.test.inheritance.MixedFetchSelect -->
