<?xml version="1.0" encoding="UTF-8"?>
<!-- Generated by org.testng.reporters.JUnitReportReporter -->
<testsuite hostname="bluemoutain" name="org.jpwh.test.querying.sql.NativeQueries" tests="2" failures="0" timestamp="19 Dec 2015 20:07:04 GMT" time="4.497" errors="0">
  <testcase name="executeQueries" time="2.222" classname="org.jpwh.test.querying.sql.NativeQueries"/>
  <testcase name="executeRecursiveQueries" time="2.275" classname="org.jpwh.test.querying.sql.NativeQueries"/>
</testsuite> <!-- org.jpwh.test.querying.sql.NativeQueries -->
