<?xml version="1.0" encoding="UTF-8"?>
<!-- Generated by org.testng.reporters.JUnitReportReporter -->
<testsuite hostname="bluemoutain" name="org.jpwh.test.fetching.EagerSelect" tests="1" failures="0" timestamp="19 Dec 2015 20:07:04 GMT" time="0.087" errors="0">
  <testcase name="fetchEagerSelect" time="0.087" classname="org.jpwh.test.fetching.EagerSelect"/>
</testsuite> <!-- org.jpwh.test.fetching.EagerSelect -->
