<?xml version="1.0" encoding="UTF-8"?>
<!-- Generated by org.testng.reporters.JUnitReportReporter -->
<testsuite hostname="bluemoutain" name="org.jpwh.helloworld.HelloWorldJPA" tests="1" failures="0" timestamp="19 Dec 2015 20:07:04 GMT" time="0.271" errors="0">
  <testcase name="storeLoadMessage" time="0.271" classname="org.jpwh.helloworld.HelloWorldJPA"/>
</testsuite> <!-- org.jpwh.helloworld.HelloWorldJPA -->
