<?xml version="1.0" encoding="UTF-8"?>
<!-- Generated by org.testng.reporters.JUnitReportReporter -->
<testsuite hostname="bluemoutain" name="org.jpwh.test.simple.SimpleTransitions" tests="11" failures="0" timestamp="19 Dec 2015 20:07:04 GMT" time="1.973" errors="0">
  <testcase name="refresh" time="0.179" classname="org.jpwh.test.simple.SimpleTransitions"/>
  <testcase name="makeTransient" time="0.136" classname="org.jpwh.test.simple.SimpleTransitions"/>
  <testcase name="makePersistent" time="0.258" classname="org.jpwh.test.simple.SimpleTransitions"/>
  <testcase name="detach" time="0.162" classname="org.jpwh.test.simple.SimpleTransitions"/>
  <testcase name="retrievePersistent" time="0.222" classname="org.jpwh.test.simple.SimpleTransitions"/>
  <testcase name="mergeDetached" time="0.185" classname="org.jpwh.test.simple.SimpleTransitions"/>
  <testcase name="basicUOW" time="0.148" classname="org.jpwh.test.simple.SimpleTransitions"/>
  <testcase name="scopeOfIdentity" time="0.173" classname="org.jpwh.test.simple.SimpleTransitions"/>
  <testcase name="flushModeType" time="0.178" classname="org.jpwh.test.simple.SimpleTransitions"/>
  <testcase name="retrievePersistentReference" time="0.184" classname="org.jpwh.test.simple.SimpleTransitions"/>
  <testcase name="replicate" time="0.148" classname="org.jpwh.test.simple.SimpleTransitions"/>
</testsuite> <!-- org.jpwh.test.simple.SimpleTransitions -->
