<?xml version="1.0" encoding="UTF-8"?>
<!-- Generated by org.testng.reporters.JUnitReportReporter -->
<testsuite hostname="bluemoutain" name="org.jpwh.test.simple.AccessJPAMetamodel" tests="3" failures="0" timestamp="19 Dec 2015 20:07:05 GMT" time="0.769" errors="0">
  <testcase name="queryStaticMetamodel" time="0.232" classname="org.jpwh.test.simple.AccessJPAMetamodel"/>
  <testcase name="accessDynamicMetamodel" time="0.343" classname="org.jpwh.test.simple.AccessJPAMetamodel"/>
  <testcase name="accessStaticMetamodel" time="0.194" classname="org.jpwh.test.simple.AccessJPAMetamodel"/>
</testsuite> <!-- org.jpwh.test.simple.AccessJPAMetamodel -->
