<?xml version="1.0" encoding="UTF-8"?>
<!-- Generated by org.testng.reporters.JUnitReportReporter -->
<testsuite hostname="bluemoutain" name="org.jpwh.test.fetching.CartesianProduct" tests="1" failures="0" timestamp="19 Dec 2015 20:07:04 GMT" time="0.095" errors="0">
  <testcase name="fetchCollections" time="0.095" classname="org.jpwh.test.fetching.CartesianProduct"/>
</testsuite> <!-- org.jpwh.test.fetching.CartesianProduct -->
