<?xml version="1.0" encoding="UTF-8"?>
<!-- Generated by org.testng.reporters.JUnitReportReporter -->
<testsuite hostname="bluemoutain" name="org.jpwh.test.querying.criteria.Projection" tests="2" failures="0" timestamp="19 Dec 2015 20:07:04 GMT" time="3.446" errors="0">
  <testcase name="executeQueries" time="1.646" classname="org.jpwh.test.querying.criteria.Projection"/>
  <testcase name="executeQueriesWithFunctions" time="1.800" classname="org.jpwh.test.querying.criteria.Projection"/>
</testsuite> <!-- org.jpwh.test.querying.criteria.Projection -->
