<?xml version="1.0" encoding="UTF-8"?>
<!-- Generated by org.testng.reporters.JUnitReportReporter -->
<testsuite hostname="bluemoutain" name="org.jpwh.test.concurrency.Locking" tests="6" failures="0" timestamp="19 Dec 2015 20:07:04 GMT" time="3.168" errors="0">
  <testcase name="manualVersionChecking" time="0.116" classname="org.jpwh.test.concurrency.Locking"/>
  <testcase name="findLock" time="0.116" classname="org.jpwh.test.concurrency.Locking"/>
  <testcase name="pessimisticReadWrite" time="2.116" classname="org.jpwh.test.concurrency.Locking"/>
  <testcase name="extendedLock" time="0.629" classname="org.jpwh.test.concurrency.Locking"/>
  <testcase name="firstCommitWins" time="0.084" classname="org.jpwh.test.concurrency.Locking"/>
  <testcase name="forceIncrement" time="0.107" classname="org.jpwh.test.concurrency.Locking"/>
</testsuite> <!-- org.jpwh.test.concurrency.Locking -->
