<?xml version="1.0" encoding="UTF-8"?>
<!-- Generated by org.testng.reporters.JUnitReportReporter -->
<testsuite hostname="bluemoutain" name="org.jpwh.test.advanced.TransformingColumns" tests="1" failures="0" timestamp="19 Dec 2015 20:07:05 GMT" time="0.103" errors="0">
  <testcase name="storeLoadTransform" time="0.103" classname="org.jpwh.test.advanced.TransformingColumns"/>
</testsuite> <!-- org.jpwh.test.advanced.TransformingColumns -->
