<?xml version="1.0" encoding="UTF-8"?>
<!-- Generated by org.testng.reporters.JUnitReportReporter -->
<testsuite hostname="bluemoutain" name="org.jpwh.test.associations.OneToManyList" tests="1" failures="0" timestamp="19 Dec 2015 20:07:04 GMT" time="0.091" errors="0">
  <testcase name="storeAndLoadItemBids" time="0.091" classname="org.jpwh.test.associations.OneToManyList"/>
</testsuite> <!-- org.jpwh.test.associations.OneToManyList -->
