<?xml version="1.0" encoding="UTF-8"?>
<!-- Generated by org.testng.reporters.JUnitReportReporter -->
<testsuite hostname="bluemoutain" name="org.jpwh.test.advanced.BooleanOverride" tests="1" failures="0" timestamp="19 Dec 2015 20:07:04 GMT" time="0.180" errors="0">
  <testcase name="storeLoadOverride" time="0.180" classname="org.jpwh.test.advanced.BooleanOverride"/>
</testsuite> <!-- org.jpwh.test.advanced.BooleanOverride -->
