<?xml version="1.0" encoding="UTF-8"?>
<!-- Generated by org.testng.reporters.JUnitReportReporter -->
<testsuite hostname="bluemoutain" name="org.jpwh.test.advanced.GeneratedProperties" tests="2" failures="0" timestamp="19 Dec 2015 20:07:04 GMT" time="0.225" errors="0">
  <testcase name="storeLoadInitialPrice" time="0.117" classname="org.jpwh.test.advanced.GeneratedProperties"/>
  <testcase name="storeLoadLastModified" time="0.108" classname="org.jpwh.test.advanced.GeneratedProperties"/>
</testsuite> <!-- org.jpwh.test.advanced.GeneratedProperties -->
