<?xml version="1.0" encoding="UTF-8"?>
<!-- Generated by org.testng.reporters.JUnitReportReporter -->
<testsuite hostname="bluemoutain" name="org.jpwh.test.complexschemas.CompositeKeyMapsId" tests="1" failures="0" timestamp="19 Dec 2015 20:07:05 GMT" time="0.235" errors="0">
  <testcase name="storeLoad" time="0.235" classname="org.jpwh.test.complexschemas.CompositeKeyMapsId"/>
</testsuite> <!-- org.jpwh.test.complexschemas.CompositeKeyMapsId -->
