<?xml version="1.0" encoding="UTF-8"?>
<!-- Generated by org.testng.reporters.JUnitReportReporter -->
<testsuite hostname="bluemoutain" name="org.jpwh.test.conversation.ExtendedPC" tests="2" failures="0" timestamp="19 Dec 2015 20:07:04 GMT" time="0.164" errors="0">
  <testcase name="conversationEditItem" time="0.085" classname="org.jpwh.test.conversation.ExtendedPC"/>
  <testcase name="conversationCreateItem" time="0.079" classname="org.jpwh.test.conversation.ExtendedPC"/>
</testsuite> <!-- org.jpwh.test.conversation.ExtendedPC -->
