<?xml version="1.0" encoding="UTF-8"?>
<!-- Generated by org.testng.reporters.JUnitReportReporter -->
<testsuite hostname="bluemoutain" name="org.jpwh.test.simple.MappingManyToOne" tests="1" failures="0" timestamp="19 Dec 2015 20:07:04 GMT" time="0.174" errors="0">
  <testcase name="storeAndLoadBids" time="0.174" classname="org.jpwh.test.simple.MappingManyToOne"/>
</testsuite> <!-- org.jpwh.test.simple.MappingManyToOne -->
