<?xml version="1.0" encoding="UTF-8"?>
<!-- Generated by org.testng.reporters.JUnitReportReporter -->
<testsuite hostname="bluemoutain" name="org.jpwh.test.fetching.FetchLoadGraph" tests="4" failures="0" timestamp="19 Dec 2015 20:07:04 GMT" time="0.382" errors="0">
  <testcase name="loadBidBidderItem" time="0.100" classname="org.jpwh.test.fetching.FetchLoadGraph"/>
  <testcase name="loadItem" time="0.103" classname="org.jpwh.test.fetching.FetchLoadGraph"/>
  <testcase name="loadItemSeller" time="0.088" classname="org.jpwh.test.fetching.FetchLoadGraph"/>
  <testcase name="loadBidBidderItemSellerBids" time="0.091" classname="org.jpwh.test.fetching.FetchLoadGraph"/>
</testsuite> <!-- org.jpwh.test.fetching.FetchLoadGraph -->
