<?xml version="1.0" encoding="UTF-8"?>
<!-- Generated by org.testng.reporters.JUnitReportReporter -->
<testsuite hostname="bluemoutain" name="org.jpwh.test.concurrency.Versioning" tests="3" failures="0" timestamp="19 Dec 2015 20:07:04 GMT" time="0.267" errors="0">
  <testcase name="manualVersionChecking" time="0.092" classname="org.jpwh.test.concurrency.Versioning"/>
  <testcase name="firstCommitWins" time="0.083" classname="org.jpwh.test.concurrency.Versioning"/>
  <testcase name="forceIncrement" time="0.092" classname="org.jpwh.test.concurrency.Versioning"/>
</testsuite> <!-- org.jpwh.test.concurrency.Versioning -->
