<?xml version="1.0" encoding="UTF-8"?>
<!-- Generated by org.testng.reporters.JUnitReportReporter -->
<testsuite hostname="bluemoutain" name="org.jpwh.test.bulkbatch.BatchInsertUpdate" tests="2" failures="0" timestamp="19 Dec 2015 20:07:04 GMT" time="10.252" errors="0">
  <testcase name="batchInsertUpdateWithStatelessSession" time="3.429" classname="org.jpwh.test.bulkbatch.BatchInsertUpdate"/>
  <testcase name="batchInsertUpdate" time="6.823" classname="org.jpwh.test.bulkbatch.BatchInsertUpdate"/>
</testsuite> <!-- org.jpwh.test.bulkbatch.BatchInsertUpdate -->
