<?xml version="1.0" encoding="UTF-8"?>
<!-- Generated by org.testng.reporters.JUnitReportReporter -->
<testsuite hostname="bluemoutain" name="org.jpwh.test.filtering.Callback" tests="1" failures="0" timestamp="19 Dec 2015 20:07:05 GMT" time="0.094" errors="0">
  <testcase name="notifyPostPersist" time="0.094" classname="org.jpwh.test.filtering.Callback"/>
</testsuite> <!-- org.jpwh.test.filtering.Callback -->
