<?xml version="1.0" encoding="UTF-8"?>
<!-- Generated by org.testng.reporters.JUnitReportReporter -->
<testsuite hostname="bluemoutain" name="org.jpwh.test.querying.criteria.Joins" tests="1" failures="0" timestamp="19 Dec 2015 20:07:04 GMT" time="1.660" errors="0">
  <testcase name="executeQueries" time="1.660" classname="org.jpwh.test.querying.criteria.Joins"/>
</testsuite> <!-- org.jpwh.test.querying.criteria.Joins -->
