<?xml version="1.0" encoding="UTF-8"?>
<!-- Generated by org.testng.reporters.JUnitReportReporter -->
<testsuite hostname="bluemoutain" name="org.jpwh.test.complexschemas.CustomSchema" tests="7" failures="0" timestamp="19 Dec 2015 20:07:04 GMT" time="0.663" errors="0">
  <testcase name="storeLoadCheckColumnInvalid" time="0.100" classname="org.jpwh.test.complexschemas.CustomSchema"/>
  <testcase name="storeLoadUniqueMultiColumnValid" time="0.092" classname="org.jpwh.test.complexschemas.CustomSchema"/>
  <testcase name="storeLoadCheckSingleRowInvalid" time="0.090" classname="org.jpwh.test.complexschemas.CustomSchema"/>
  <testcase name="storeLoadCheckSubselectValid" time="0.095" classname="org.jpwh.test.complexschemas.CustomSchema"/>
  <testcase name="storeLoadValid" time="0.109" classname="org.jpwh.test.complexschemas.CustomSchema"/>
  <testcase name="storeLoadDomainInvalid" time="0.088" classname="org.jpwh.test.complexschemas.CustomSchema"/>
  <testcase name="configurePersistenceUnit" time="0.089" classname="org.jpwh.test.complexschemas.CustomSchema"/>
</testsuite> <!-- org.jpwh.test.complexschemas.CustomSchema -->
