<?xml version="1.0" encoding="UTF-8"?>
<!-- Generated by org.testng.reporters.JUnitReportReporter -->
<testsuite hostname="bluemoutain" name="org.jpwh.test.associations.OneToOneForeignKey" tests="2" failures="0" timestamp="19 Dec 2015 20:07:04 GMT" time="0.162" errors="0">
  <testcase name="storeNonUniqueRelationship" time="0.084" classname="org.jpwh.test.associations.OneToOneForeignKey"/>
  <testcase name="storeAndLoadUserAddress" time="0.078" classname="org.jpwh.test.associations.OneToOneForeignKey"/>
</testsuite> <!-- org.jpwh.test.associations.OneToOneForeignKey -->
