<?xml version="1.0" encoding="UTF-8"?>
<!-- Generated by org.testng.reporters.JUnitReportReporter -->
<testsuite hostname="bluemoutain" name="org.jpwh.test.querying.sql.HibernateSQLQueries" tests="2" failures="0" timestamp="19 Dec 2015 20:07:04 GMT" time="3.450" errors="0">
  <testcase name="executeQueries" time="1.768" classname="org.jpwh.test.querying.sql.HibernateSQLQueries"/>
  <testcase name="executeRecursiveQueries" time="1.682" classname="org.jpwh.test.querying.sql.HibernateSQLQueries"/>
</testsuite> <!-- org.jpwh.test.querying.sql.HibernateSQLQueries -->
