<?xml version="1.0" encoding="UTF-8"?>
<!-- Generated by org.testng.reporters.JUnitReportReporter -->
<testsuite hostname="bluemoutain" name="org.jpwh.test.advanced.Enum" tests="1" failures="0" timestamp="19 Dec 2015 20:07:04 GMT" time="0.097" errors="0">
  <testcase name="storeLoadEnum" time="0.097" classname="org.jpwh.test.advanced.Enum"/>
</testsuite> <!-- org.jpwh.test.advanced.Enum -->
