<?xml version="1.0" encoding="UTF-8"?>
<!-- Generated by org.testng.reporters.JUnitReportReporter -->
<testsuite hostname="bluemoutain" name="org.jpwh.test.filtering.Cascade" tests="3" failures="0" timestamp="19 Dec 2015 20:07:05 GMT" time="0.300" errors="0">
  <testcase name="refresh" time="0.107" classname="org.jpwh.test.filtering.Cascade"/>
  <testcase name="detachMerge" time="0.097" classname="org.jpwh.test.filtering.Cascade"/>
  <testcase name="replicate" time="0.096" classname="org.jpwh.test.filtering.Cascade"/>
</testsuite> <!-- org.jpwh.test.filtering.Cascade -->
