<?xml version="1.0" encoding="UTF-8"?>
<!-- Generated by org.testng.reporters.JUnitReportReporter -->
<testsuite hostname="bluemoutain" name="org.jpwh.test.collections.SortedMapOfStrings" tests="1" failures="0" timestamp="19 Dec 2015 20:07:04 GMT" time="0.084" errors="0">
  <testcase name="storeLoadCollection" time="0.084" classname="org.jpwh.test.collections.SortedMapOfStrings"/>
</testsuite> <!-- org.jpwh.test.collections.SortedMapOfStrings -->
