<?xml version="1.0" encoding="UTF-8"?>
<!-- Generated by org.testng.reporters.JUnitReportReporter -->
<testsuite hostname="bluemoutain" name="org.jpwh.test.filtering.AuditLogging" tests="1" failures="0" timestamp="19 Dec 2015 20:07:05 GMT" time="0.089" errors="0">
  <testcase name="writeAuditLog" time="0.089" classname="org.jpwh.test.filtering.AuditLogging"/>
</testsuite> <!-- org.jpwh.test.filtering.AuditLogging -->
