<?xml version="1.0" encoding="UTF-8"?>
<!-- Generated by org.testng.reporters.JUnitReportReporter -->
<testsuite hostname="bluemoutain" name="org.jpwh.test.advanced.LazyProperties" tests="2" failures="0" timestamp="19 Dec 2015 20:07:04 GMT" time="0.210" errors="0">
  <testcase name="storeLoadProperties" time="0.100" classname="org.jpwh.test.advanced.LazyProperties"/>
  <testcase name="storeLoadLocator" time="0.110" classname="org.jpwh.test.advanced.LazyProperties"/>
</testsuite> <!-- org.jpwh.test.advanced.LazyProperties -->
