<?xml version="1.0" encoding="UTF-8"?>
<!-- Generated by org.testng.reporters.JUnitReportReporter -->
<testsuite hostname="bluemoutain" name="org.jpwh.test.querying.sql.JDBCFallback" tests="1" failures="0" timestamp="19 Dec 2015 20:07:05 GMT" time="1.731" errors="0">
  <testcase name="queryItems" time="1.731" classname="org.jpwh.test.querying.sql.JDBCFallback"/>
</testsuite> <!-- org.jpwh.test.querying.sql.JDBCFallback -->
