<?xml version="1.0" encoding="UTF-8"?>
<!-- Generated by org.testng.reporters.JUnitReportReporter -->
<testsuite hostname="bluemoutain" name="org.jpwh.test.fetching.LazyProxyCollections" tests="2" failures="0" timestamp="19 Dec 2015 20:07:04 GMT" time="0.223" errors="0">
  <testcase name="lazyEntityProxies" time="0.111" classname="org.jpwh.test.fetching.LazyProxyCollections"/>
  <testcase name="lazyCollections" time="0.112" classname="org.jpwh.test.fetching.LazyProxyCollections"/>
</testsuite> <!-- org.jpwh.test.fetching.LazyProxyCollections -->
