<?xml version="1.0" encoding="UTF-8"?>
<!-- Generated by org.testng.reporters.JUnitReportReporter -->
<testsuite hostname="bluemoutain" name="org.jpwh.helloworld.HelloWorldHibernate" tests="1" failures="0" timestamp="19 Dec 2015 20:07:04 GMT" time="0.725" errors="0">
  <testcase name="storeLoadMessage" time="0.725" classname="org.jpwh.helloworld.HelloWorldHibernate"/>
</testsuite> <!-- org.jpwh.helloworld.HelloWorldHibernate -->
