<?xml version="1.0" encoding="UTF-8"?>
<!-- Generated by org.testng.reporters.JUnitReportReporter -->
<testsuite hostname="bluemoutain" name="org.jpwh.test.inheritance.Joined" tests="4" failures="0" timestamp="19 Dec 2015 20:07:05 GMT" time="0.490" errors="0">
  <testcase name="jdbcCreditCardSqlQuery" time="0.150" classname="org.jpwh.test.inheritance.Joined"/>
  <testcase name="storeBillingDetailsLoadCreditCards" time="0.110" classname="org.jpwh.test.inheritance.Joined"/>
  <testcase name="jdbcBillingDetailsSqlQuery" time="0.121" classname="org.jpwh.test.inheritance.Joined"/>
  <testcase name="storeLoadBillingDetails" time="0.109" classname="org.jpwh.test.inheritance.Joined"/>
</testsuite> <!-- org.jpwh.test.inheritance.Joined -->
