<?xml version="1.0" encoding="UTF-8"?>
<!-- Generated by org.testng.reporters.JUnitReportReporter -->
<testsuite hostname="bluemoutain" name="org.jpwh.test.inheritance.Embeddable" tests="1" failures="0" timestamp="19 Dec 2015 20:07:04 GMT" time="0.103" errors="0">
  <testcase name="storeAndLoad" time="0.103" classname="org.jpwh.test.inheritance.Embeddable"/>
</testsuite> <!-- org.jpwh.test.inheritance.Embeddable -->
