<?xml version="1.0" encoding="UTF-8"?>
<!-- Generated by org.testng.reporters.JUnitReportReporter -->
<testsuite hostname="bluemoutain" name="org.jpwh.test.associations.OneToOneJoinTable" tests="2" failures="0" timestamp="19 Dec 2015 20:07:05 GMT" time="0.196" errors="0">
  <testcase name="storeNonUniqueRelationship" time="0.090" classname="org.jpwh.test.associations.OneToOneJoinTable"/>
  <testcase name="storeAndLoadUserAddress" time="0.106" classname="org.jpwh.test.associations.OneToOneJoinTable"/>
</testsuite> <!-- org.jpwh.test.associations.OneToOneJoinTable -->
