<?xml version="1.0" encoding="UTF-8"?>
<!-- Generated by org.testng.reporters.JUnitReportReporter -->
<testsuite hostname="bluemoutain" name="org.jpwh.test.inheritance.MappedSuperclass" tests="4" failures="0" timestamp="19 Dec 2015 20:07:05 GMT" time="0.396" errors="0">
  <testcase name="jdbcSqlQueryCreditCard" time="0.102" classname="org.jpwh.test.inheritance.MappedSuperclass"/>
  <testcase name="storeBillingDetailsLoadCreditCards" time="0.095" classname="org.jpwh.test.inheritance.MappedSuperclass"/>
  <testcase name="storeLoadBillingDetails" time="0.099" classname="org.jpwh.test.inheritance.MappedSuperclass"/>
  <testcase name="jdbcSqlQueryBankAccount" time="0.100" classname="org.jpwh.test.inheritance.MappedSuperclass"/>
</testsuite> <!-- org.jpwh.test.inheritance.MappedSuperclass -->
