<?xml version="1.0" encoding="UTF-8"?>
<!-- Generated by org.testng.reporters.JUnitReportReporter -->
<testsuite hostname="bluemoutain" name="org.jpwh.test.associations.OneToManyEmbeddableJoinTable" tests="1" failures="0" timestamp="19 Dec 2015 20:07:04 GMT" time="0.095" errors="0">
  <testcase name="storeAndLoadUsersShipments" time="0.095" classname="org.jpwh.test.associations.OneToManyEmbeddableJoinTable"/>
</testsuite> <!-- org.jpwh.test.associations.OneToManyEmbeddableJoinTable -->
