<?xml version="1.0" encoding="UTF-8"?>
<!-- Generated by org.testng.reporters.JUnitReportReporter -->
<testsuite hostname="bluemoutain" name="org.jpwh.test.querying.criteria.Typesafe" tests="1" failures="0" timestamp="19 Dec 2015 20:07:04 GMT" time="1.910" errors="0">
  <testcase name="executeQueries" time="1.910" classname="org.jpwh.test.querying.criteria.Typesafe"/>
</testsuite> <!-- org.jpwh.test.querying.criteria.Typesafe -->
