<?xml version="1.0" encoding="UTF-8"?>
<!-- Generated by org.testng.reporters.JUnitReportReporter -->
<testsuite hostname="bluemoutain" name="org.jpwh.test.fetching.Subselect" tests="1" failures="0" timestamp="19 Dec 2015 20:07:04 GMT" time="0.092" errors="0">
  <testcase name="fetchCollectionSubselect" time="0.092" classname="org.jpwh.test.fetching.Subselect"/>
</testsuite> <!-- org.jpwh.test.fetching.Subselect -->
