<?xml version="1.0" encoding="UTF-8"?>
<!-- Generated by org.testng.reporters.JUnitReportReporter -->
<testsuite hostname="bluemoutain" name="org.jpwh.test.advanced.NestedComponents" tests="1" failures="0" timestamp="19 Dec 2015 20:07:04 GMT" time="0.096" errors="0">
  <testcase name="storeAndLoadUsers" time="0.096" classname="org.jpwh.test.advanced.NestedComponents"/>
</testsuite> <!-- org.jpwh.test.advanced.NestedComponents -->
