<?xml version="1.0" encoding="UTF-8"?>
<!-- Generated by org.testng.reporters.JUnitReportReporter -->
<testsuite hostname="bluemoutain" name="org.jpwh.test.inheritance.TablePerClass" tests="3" failures="0" timestamp="19 Dec 2015 20:07:04 GMT" time="0.378" errors="0">
  <testcase name="storeBillingDetailsLoadCreditCards" time="0.100" classname="org.jpwh.test.inheritance.TablePerClass"/>
  <testcase name="jdbcBillingDetailsSqlQuery" time="0.169" classname="org.jpwh.test.inheritance.TablePerClass"/>
  <testcase name="storeLoadBillingDetails" time="0.109" classname="org.jpwh.test.inheritance.TablePerClass"/>
</testsuite> <!-- org.jpwh.test.inheritance.TablePerClass -->
