<?xml version="1.0" encoding="UTF-8"?>
<!-- Generated by org.testng.reporters.JUnitReportReporter -->
<testsuite hostname="bluemoutain" name="org.jpwh.test.simple.MappingEmbeddables" tests="2" failures="0" timestamp="19 Dec 2015 20:07:04 GMT" time="0.344" errors="0">
  <testcase name="storeAndLoadInvalidUsers" time="0.152" classname="org.jpwh.test.simple.MappingEmbeddables"/>
  <testcase name="storeAndLoadUsers" time="0.192" classname="org.jpwh.test.simple.MappingEmbeddables"/>
</testsuite> <!-- org.jpwh.test.simple.MappingEmbeddables -->
