<?xml version="1.0" encoding="UTF-8"?>
<!-- Generated by org.testng.reporters.JUnitReportReporter -->
<testsuite hostname="bluemoutain" name="org.jpwh.test.cache.SecondLevel" tests="5" failures="0" timestamp="19 Dec 2015 20:07:04 GMT" time="0.746" errors="0">
  <testcase name="cacheBehavior" time="0.180" classname="org.jpwh.test.cache.SecondLevel"/>
  <testcase name="cacheNaturalId" time="0.222" classname="org.jpwh.test.cache.SecondLevel"/>
  <testcase name="cacheControl" time="0.107" classname="org.jpwh.test.cache.SecondLevel"/>
  <testcase name="cacheQueryResults" time="0.122" classname="org.jpwh.test.cache.SecondLevel"/>
  <testcase name="cacheModes" time="0.115" classname="org.jpwh.test.cache.SecondLevel"/>
</testsuite> <!-- org.jpwh.test.cache.SecondLevel -->
