<?xml version="1.0" encoding="UTF-8"?>
<!-- Generated by org.testng.reporters.JUnitReportReporter -->
<testsuite hostname="bluemoutain" name="org.jpwh.test.concurrency.VersioningAll" tests="1" failures="0" timestamp="19 Dec 2015 20:07:04 GMT" time="0.077" errors="0">
  <testcase name="firstCommitWins" time="0.077" classname="org.jpwh.test.concurrency.VersioningAll"/>
</testsuite> <!-- org.jpwh.test.concurrency.VersioningAll -->
