<?xml version="1.0" encoding="UTF-8"?>
<!-- Generated by org.testng.reporters.JUnitReportReporter -->
<testsuite hostname="bluemoutain" name="org.jpwh.test.fetching.EagerQuery" tests="2" failures="0" timestamp="19 Dec 2015 20:07:04 GMT" time="0.181" errors="0">
  <testcase name="fetchBids" time="0.089" classname="org.jpwh.test.fetching.EagerQuery"/>
  <testcase name="fetchUsers" time="0.092" classname="org.jpwh.test.fetching.EagerQuery"/>
</testsuite> <!-- org.jpwh.test.fetching.EagerQuery -->
