<?xml version="1.0" encoding="UTF-8"?>
<!-- Generated by org.testng.reporters.JUnitReportReporter -->
<testsuite hostname="bluemoutain" name="org.jpwh.test.querying.advanced.HibernateCriteria" tests="2" failures="0" timestamp="19 Dec 2015 20:07:05 GMT" time="3.568" errors="0">
  <testcase name="executeQueries" time="1.862" classname="org.jpwh.test.querying.advanced.HibernateCriteria"/>
  <testcase name="foo" time="1.706" classname="org.jpwh.test.querying.advanced.HibernateCriteria"/>
</testsuite> <!-- org.jpwh.test.querying.advanced.HibernateCriteria -->
