<?xml version="1.0" encoding="UTF-8"?>
<!-- Generated by org.testng.reporters.JUnitReportReporter -->
<testsuite hostname="bluemoutain" name="org.jpwh.test.bulkbatch.BulkStatementsSQL" tests="2" failures="0" timestamp="19 Dec 2015 20:07:04 GMT" time="0.442" errors="0">
  <testcase name="bulkUpdateHibernate" time="0.149" classname="org.jpwh.test.bulkbatch.BulkStatementsSQL"/>
  <testcase name="bulkUpdate" time="0.293" classname="org.jpwh.test.bulkbatch.BulkStatementsSQL"/>
</testsuite> <!-- org.jpwh.test.bulkbatch.BulkStatementsSQL -->
