<?xml version="1.0" encoding="UTF-8"?>
<!-- Generated by org.testng.reporters.JUnitReportReporter -->
<testsuite hostname="bluemoutain" name="org.jpwh.test.fetching.Batch" tests="2" failures="0" timestamp="19 Dec 2015 20:07:04 GMT" time="0.204" errors="0">
  <testcase name="fetchProxyBatches" time="0.112" classname="org.jpwh.test.fetching.Batch"/>
  <testcase name="fetchCollectionBatches" time="0.092" classname="org.jpwh.test.fetching.Batch"/>
</testsuite> <!-- org.jpwh.test.fetching.Batch -->
