<?xml version="1.0" encoding="UTF-8"?>
<!-- Generated by org.testng.reporters.JUnitReportReporter -->
<testsuite hostname="bluemoutain" name="org.jpwh.test.simple.CRUDMetadataXML" tests="1" failures="0" timestamp="19 Dec 2015 20:07:04 GMT" time="0.114" errors="0">
  <testcase name="storeAndQueryItems" time="0.114" classname="org.jpwh.test.simple.CRUDMetadataXML"/>
</testsuite> <!-- org.jpwh.test.simple.CRUDMetadataXML -->
