<?xml version="1.0" encoding="UTF-8"?>
<!-- Generated by org.testng.reporters.JUnitReportReporter -->
<testsuite hostname="bluemoutain" name="org.jpwh.test.collections.MapOfStringsOrderBy" tests="1" failures="0" timestamp="19 Dec 2015 20:07:05 GMT" time="0.081" errors="0">
  <testcase name="storeLoadCollection" time="0.081" classname="org.jpwh.test.collections.MapOfStringsOrderBy"/>
</testsuite> <!-- org.jpwh.test.collections.MapOfStringsOrderBy -->
