<?xml version="1.0" encoding="UTF-8"?>
<!-- Generated by org.testng.reporters.JUnitReportReporter -->
<testsuite hostname="bluemoutain" name="org.jpwh.test.inheritance.PolymorphicManyToOne" tests="1" failures="0" timestamp="19 Dec 2015 20:07:04 GMT" time="0.115" errors="0">
  <testcase name="storeAndLoadItemBids" time="0.115" classname="org.jpwh.test.inheritance.PolymorphicManyToOne"/>
</testsuite> <!-- org.jpwh.test.inheritance.PolymorphicManyToOne -->
