<?xml version="1.0" encoding="UTF-8"?>
<!-- Generated by org.testng.reporters.JUnitReportReporter -->
<testsuite hostname="bluemoutain" name="org.jpwh.test.simple.CRUDMetadataOverrideXML" tests="2" failures="0" timestamp="19 Dec 2015 20:07:05 GMT" time="0.252" errors="0">
  <testcase name="checkMetadataOverride" time="0.121" classname="org.jpwh.test.simple.CRUDMetadataOverrideXML"/>
  <testcase name="storeAndQueryItems" time="0.131" classname="org.jpwh.test.simple.CRUDMetadataOverrideXML"/>
</testsuite> <!-- org.jpwh.test.simple.CRUDMetadataOverrideXML -->
