<?xml version="1.0" encoding="UTF-8"?>
<!-- Generated by org.testng.reporters.JUnitReportReporter -->
<testsuite hostname="bluemoutain" name="org.jpwh.test.advanced.DerivedProperties" tests="2" failures="0" timestamp="19 Dec 2015 20:07:04 GMT" time="0.192" errors="0">
  <testcase name="storeLoadFormulaSubselect" time="0.095" classname="org.jpwh.test.advanced.DerivedProperties"/>
  <testcase name="storeLoadFormula" time="0.097" classname="org.jpwh.test.advanced.DerivedProperties"/>
</testsuite> <!-- org.jpwh.test.advanced.DerivedProperties -->
