<?xml version="1.0" encoding="UTF-8"?>
<!-- Generated by org.testng.reporters.JUnitReportReporter -->
<testsuite hostname="bluemoutain" name="org.jpwh.test.simple.ModelOperations" tests="2" failures="0" timestamp="19 Dec 2015 20:07:04 GMT" time="0.011" errors="0">
  <testcase name="validateItem" time="0.011" classname="org.jpwh.test.simple.ModelOperations"/>
  <testcase name="linkBidAndItem" time="0.000" classname="org.jpwh.test.simple.ModelOperations"/>
</testsuite> <!-- org.jpwh.test.simple.ModelOperations -->
