<?xml version="1.0" encoding="UTF-8"?>
<!-- Generated by org.testng.reporters.JUnitReportReporter -->
<testsuite hostname="bluemoutain" name="org.jpwh.test.conversation.Detached" tests="1" failures="0" timestamp="19 Dec 2015 20:07:04 GMT" time="0.091" errors="0">
  <testcase name="businessKeyEquality" time="0.091" classname="org.jpwh.test.conversation.Detached"/>
</testsuite> <!-- org.jpwh.test.conversation.Detached -->
