<?xml version="1.0" encoding="UTF-8"?>
<!-- Generated by org.testng.reporters.JUnitReportReporter -->
<testsuite hostname="bluemoutain" name="org.jpwh.test.querying.CreateExecuteQueries" tests="9" failures="0" timestamp="19 Dec 2015 20:07:05 GMT" time="15.745" errors="0">
  <testcase name="createNamedQueries" time="1.590" classname="org.jpwh.test.querying.CreateExecuteQueries"/>
  <testcase name="pagination" time="1.686" classname="org.jpwh.test.querying.CreateExecuteQueries"/>
  <testcase name="executeQueries" time="1.661" classname="org.jpwh.test.querying.CreateExecuteQueries"/>
  <testcase name="createQueries" time="1.704" classname="org.jpwh.test.querying.CreateExecuteQueries"/>
  <testcase name="createHibernateQueries" time="1.676" classname="org.jpwh.test.querying.CreateExecuteQueries"/>
  <testcase name="parameterBinding" time="1.892" classname="org.jpwh.test.querying.CreateExecuteQueries"/>
  <testcase name="createTypedQueries" time="2.224" classname="org.jpwh.test.querying.CreateExecuteQueries"/>
  <testcase name="namedQueries" time="1.612" classname="org.jpwh.test.querying.CreateExecuteQueries"/>
  <testcase name="queryHints" time="1.700" classname="org.jpwh.test.querying.CreateExecuteQueries"/>
</testsuite> <!-- org.jpwh.test.querying.CreateExecuteQueries -->
