<?xml version="1.0" encoding="UTF-8"?>
<!-- Generated by org.testng.reporters.JUnitReportReporter -->
<testsuite hostname="bluemoutain" name="org.jpwh.test.filtering.DynamicFilter" tests="2" failures="0" timestamp="19 Dec 2015 20:07:04 GMT" time="0.177" errors="0">
  <testcase name="filterCollection" time="0.086" classname="org.jpwh.test.filtering.DynamicFilter"/>
  <testcase name="filterItems" time="0.091" classname="org.jpwh.test.filtering.DynamicFilter"/>
</testsuite> <!-- org.jpwh.test.filtering.DynamicFilter -->
