<?xml version="1.0" encoding="UTF-8"?>
<!-- Generated by org.testng.reporters.JUnitReportReporter -->
<testsuite hostname="bluemoutain" name="org.jpwh.test.bulkbatch.BulkStatementsJPQL" tests="5" failures="0" timestamp="19 Dec 2015 20:07:05 GMT" time="0.638" errors="0">
  <testcase name="bulkUpdateInheritance" time="0.106" classname="org.jpwh.test.bulkbatch.BulkStatementsJPQL"/>
  <testcase name="bulkInsert" time="0.169" classname="org.jpwh.test.bulkbatch.BulkStatementsJPQL"/>
  <testcase name="bulkUpdate" time="0.111" classname="org.jpwh.test.bulkbatch.BulkStatementsJPQL"/>
  <testcase name="bulkDelete" time="0.150" classname="org.jpwh.test.bulkbatch.BulkStatementsJPQL"/>
  <testcase name="bulkUpdateVersioned" time="0.102" classname="org.jpwh.test.bulkbatch.BulkStatementsJPQL"/>
</testsuite> <!-- org.jpwh.test.bulkbatch.BulkStatementsJPQL -->
