<?xml version="1.0" encoding="UTF-8"?>
<!-- Generated by org.testng.reporters.JUnitReportReporter -->
<testsuite hostname="bluemoutain" name="org.jpwh.test.fetching.ReadOnly" tests="2" failures="0" timestamp="19 Dec 2015 20:07:04 GMT" time="0.177" errors="0">
  <testcase name="immutableEntity" time="0.088" classname="org.jpwh.test.fetching.ReadOnly"/>
  <testcase name="selectiveReadOnly" time="0.089" classname="org.jpwh.test.fetching.ReadOnly"/>
</testsuite> <!-- org.jpwh.test.fetching.ReadOnly -->
