<?xml version="1.0" encoding="UTF-8"?>
<!-- Generated by org.testng.reporters.JUnitReportReporter -->
<testsuite hostname="bluemoutain" name="org.jpwh.test.advanced.AccessType" tests="1" failures="0" timestamp="19 Dec 2015 20:07:04 GMT" time="0.157" errors="0">
  <testcase name="storeLoadAccessType" time="0.157" classname="org.jpwh.test.advanced.AccessType"/>
</testsuite> <!-- org.jpwh.test.advanced.AccessType -->
