<?xml version="1.0" encoding="UTF-8"?>
<!-- Generated by org.testng.reporters.JUnitReportReporter -->
<testsuite hostname="bluemoutain" name="org.jpwh.test.collections.SetOfStringsOrderBy" tests="1" failures="0" timestamp="19 Dec 2015 20:07:04 GMT" time="0.082" errors="0">
  <testcase name="storeLoadCollection" time="0.082" classname="org.jpwh.test.collections.SetOfStringsOrderBy"/>
</testsuite> <!-- org.jpwh.test.collections.SetOfStringsOrderBy -->
